# JRE version: Java(TM) SE Runtime Environment (7.0_76-b13) (build 1.7.0_76-b13)
# Java VM: Java HotSpot(TM) 64-Bit Server VM (24.76-b04 mixed mode linux-amd64 compressed oops)
Heap
 PSYoungGen      total 142848K, used 28098K [0x00000000f5500000, 0x00000000feb00000, 0x0000000100000000)
  eden space 132096K, 13% used [0x00000000f5500000,0x00000000f65f8480,0x00000000fd600000)
  from space 10752K, 99% used [0x00000000fe080000,0x00000000feaf8618,0x00000000feb00000)
  to   space 10752K, 0% used [0x00000000fd600000,0x00000000fd600000,0x00000000fe080000)
 ParOldGen       total 175104K, used 33616K [0x00000000e0000000, 0x00000000eab00000, 0x00000000f5500000)
  object space 175104K, 19% used [0x00000000e0000000,0x00000000e20d4360,0x00000000eab00000)
 PSPermGen       total 33792K, used 33481K [0x00000000dae00000, 0x00000000dcf00000, 0x00000000e0000000)
  object space 33792K, 99% used [0x00000000dae00000,0x00000000dceb24e0,0x00000000dcf00000)
GC Heap History (8 events):
Event: 1.087 GC heap before
{Heap before GC invocations=1 (full 0):
 PSYoungGen      total 76800K, used 66048K [0x00000000f5500000, 0x00000000faa80000, 0x0000000100000000)
  eden space 66048K, 100% used [0x00000000f5500000,0x00000000f9580000,0x00000000f9580000)
  from space 10752K, 0% used [0x00000000fa000000,0x00000000fa000000,0x00000000faa80000)
  to   space 10752K, 0% used [0x00000000f9580000,0x00000000f9580000,0x00000000fa000000)
 ParOldGen       total 175104K, used 0K [0x00000000e0000000, 0x00000000eab00000, 0x00000000f5500000)
  object space 175104K, 0% used [0x00000000e0000000,0x00000000e0000000,0x00000000eab00000)
 PSPermGen       total 21504K, used 16637K [0x00000000dae00000, 0x00000000dc300000, 0x00000000e0000000)
  object space 21504K, 77% used [0x00000000dae00000,0x00000000dbe3f4c0,0x00000000dc300000)
Event: 1.097 GC heap after
Heap after GC invocations=1 (full 0):
 PSYoungGen      total 76800K, used 10728K [0x00000000f5500000, 0x00000000faa80000, 0x0000000100000000)
  eden space 66048K, 0% used [0x00000000f5500000,0x00000000f5500000,0x00000000f9580000)
  from space 10752K, 99% used [0x00000000f9580000,0x00000000f9ffa1e8,0x00000000fa000000)
  to   space 10752K, 0% used [0x00000000fa000000,0x00000000fa000000,0x00000000faa80000)
 ParOldGen       total 175104K, used 818K [0x00000000e0000000, 0x00000000eab00000, 0x00000000f5500000)
  object space 175104K, 0% used [0x00000000e0000000,0x00000000e00cc910,0x00000000eab00000)
 PSPermGen       total 21504K, used 16637K [0x00000000dae00000, 0x00000000dc300000, 0x00000000e0000000)
  object space 21504K, 77% used [0x00000000dae00000,0x00000000dbe3f4c0,0x00000000dc300000)
}
Event: 1.530 GC heap before
{Heap before GC invocations=2 (full 0):
 PSYoungGen      total 76800K, used 76776K [0x00000000f5500000, 0x00000000faa80000, 0x0000000100000000)
  eden space 66048K, 100% used [0x00000000f5500000,0x00000000f9580000,0x00000000f9580000)
  from space 10752K, 99% used [0x00000000f9580000,0x00000000f9ffa1e8,0x00000000fa000000)
  to   space 10752K, 0% used [0x00000000fa000000,0x00000000fa000000,0x00000000faa80000)
 ParOldGen       total 175104K, used 818K [0x00000000e0000000, 0x00000000eab00000, 0x00000000f5500000)
  object space 175104K, 0% used [0x00000000e0000000,0x00000000e00cc910,0x00000000eab00000)
 PSPermGen       total 21504K, used 19409K [0x00000000dae00000, 0x00000000dc300000, 0x00000000e0000000)
  object space 21504K, 90% used [0x00000000dae00000,0x00000000dc0f4748,0x00000000dc300000)
Event: 1.541 GC heap after
Heap after GC invocations=2 (full 0):
 PSYoungGen      total 76800K, used 10746K [0x00000000f5500000, 0x00000000feb00000, 0x0000000100000000)
  eden space 66048K, 0% used [0x00000000f5500000,0x00000000f5500000,0x00000000f9580000)
  from space 10752K, 99% used [0x00000000fa000000,0x00000000faa7e900,0x00000000faa80000)
  to   space 10752K, 0% used [0x00000000f9580000,0x00000000f9580000,0x00000000fa000000)
 ParOldGen       total 175104K, used 2284K [0x00000000e0000000, 0x00000000eab00000, 0x00000000f5500000)
  object space 175104K, 1% used [0x00000000e0000000,0x00000000e023b270,0x00000000eab00000)
 PSPermGen       total 21504K, used 19409K [0x00000000dae00000, 0x00000000dc300000, 0x00000000e0000000)
  object space 21504K, 90% used [0x00000000dae00000,0x00000000dc0f4748,0x00000000dc300000)
}
Event: 1.612 GC heap before
{Heap before GC invocations=3 (full 0):
 PSYoungGen      total 76800K, used 76794K [0x00000000f5500000, 0x00000000feb00000, 0x0000000100000000)
  eden space 66048K, 100% used [0x00000000f5500000,0x00000000f9580000,0x00000000f9580000)
  from space 10752K, 99% used [0x00000000fa000000,0x00000000faa7e900,0x00000000faa80000)
  to   space 10752K, 0% used [0x00000000f9580000,0x00000000f9580000,0x00000000fa000000)
 ParOldGen       total 175104K, used 2284K [0x00000000e0000000, 0x00000000eab00000, 0x00000000f5500000)
  object space 175104K, 1% used [0x00000000e0000000,0x00000000e023b270,0x00000000eab00000)
 PSPermGen       total 21504K, used 19412K [0x00000000dae00000, 0x00000000dc300000, 0x00000000e0000000)
  object space 21504K, 90% used [0x00000000dae00000,0x00000000dc0f50c8,0x00000000dc300000)
Event: 1.620 GC heap after
Heap after GC invocations=3 (full 0):
 PSYoungGen      total 76800K, used 10738K [0x00000000f5500000, 0x00000000feb00000, 0x0000000100000000)
  eden space 66048K, 0% used [0x00000000f5500000,0x00000000f5500000,0x00000000f9580000)
  from space 10752K, 99% used [0x00000000f9580000,0x00000000f9ffcb78,0x00000000fa000000)
  to   space 10752K, 0% used [0x00000000fe080000,0x00000000fe080000,0x00000000feb00000)
 ParOldGen       total 175104K, used 17127K [0x00000000e0000000, 0x00000000eab00000, 0x00000000f5500000)
  object space 175104K, 9% used [0x00000000e0000000,0x00000000e10b9ef8,0x00000000eab00000)
 PSPermGen       total 21504K, used 19412K [0x00000000dae00000, 0x00000000dc300000, 0x00000000e0000000)
  object space 21504K, 90% used [0x00000000dae00000,0x00000000dc0f50c8,0x00000000dc300000)
}
Event: 2.317 GC heap before
{Heap before GC invocations=4 (full 0):
 PSYoungGen      total 76800K, used 76717K [0x00000000f5500000, 0x00000000feb00000, 0x0000000100000000)
  eden space 66048K, 99% used [0x00000000f5500000,0x00000000f956e970,0x00000000f9580000)
  from space 10752K, 99% used [0x00000000f9580000,0x00000000f9ffcb78,0x00000000fa000000)
  to   space 10752K, 0% used [0x00000000fe080000,0x00000000fe080000,0x00000000feb00000)
 ParOldGen       total 175104K, used 17127K [0x00000000e0000000, 0x00000000eab00000, 0x00000000f5500000)
  object space 175104K, 9% used [0x00000000e0000000,0x00000000e10b9ef8,0x00000000eab00000)
 PSPermGen       total 28160K, used 27887K [0x00000000dae00000, 0x00000000dc980000, 0x00000000e0000000)
  object space 28160K, 99% used [0x00000000dae00000,0x00000000dc93be00,0x00000000dc980000)
Event: 2.335 GC heap after
Heap after GC invocations=4 (full 0):
 PSYoungGen      total 142848K, used 10721K [0x00000000f5500000, 0x00000000feb00000, 0x0000000100000000)
  eden space 132096K, 0% used [0x00000000f5500000,0x00000000f5500000,0x00000000fd600000)
  from space 10752K, 99% used [0x00000000fe080000,0x00000000feaf8618,0x00000000feb00000)
  to   space 10752K, 0% used [0x00000000fd600000,0x00000000fd600000,0x00000000fe080000)
 ParOldGen       total 175104K, used 33616K [0x00000000e0000000, 0x00000000eab00000, 0x00000000f5500000)
  object space 175104K, 19% used [0x00000000e0000000,0x00000000e20d4360,0x00000000eab00000)
 PSPermGen       total 28160K, used 27887K [0x00000000dae00000, 0x00000000dc980000, 0x00000000e0000000)
  object space 28160K, 99% used [0x00000000dae00000,0x00000000dc93be00,0x00000000dc980000)
}

