# JRE version: OpenJDK Runtime Environment (7.0_51-b31) (build 1.7.0_51-b31)
# Java VM: OpenJDK 64-Bit Server VM (24.51-b03 mixed mode linux-amd64 compressed oops)
Heap
 PSYoungGen      total 142848K, used 70294K [0x00000007d5500000, 0x00000007e6c00000, 0x0000000800000000)
  eden space 132096K, 45% used [0x00000007d5500000,0x00000007d8f29058,0x00000007dd600000)
  from space 10752K, 99% used [0x00000007dd600000,0x00000007de07ca78,0x00000007de080000)
  to   space 10752K, 0% used [0x00000007e6180000,0x00000007e6180000,0x00000007e6c00000)
 ParOldGen       total 175104K, used 45661K [0x0000000780000000, 0x000000078ab00000, 0x00000007d5500000)
  object space 175104K, 26% used [0x0000000780000000,0x0000000782c97410,0x000000078ab00000)
 PSPermGen       total 34304K, used 34096K [0x0000000775a00000, 0x0000000777b80000, 0x0000000780000000)
  object space 34304K, 99% used [0x0000000775a00000,0x0000000777b4c0f8,0x0000000777b80000)
GC Heap History (6 events):
Event: 1,413 GC heap before
{Heap before GC invocations=1 (full 0):
 PSYoungGen      total 76800K, used 59698K [0x00000007d5500000, 0x00000007daa80000, 0x0000000800000000)
  eden space 66048K, 90% used [0x00000007d5500000,0x00000007d8f4c888,0x00000007d9580000)
  from space 10752K, 0% used [0x00000007da000000,0x00000007da000000,0x00000007daa80000)
  to   space 10752K, 0% used [0x00000007d9580000,0x00000007d9580000,0x00000007da000000)
 ParOldGen       total 175104K, used 0K [0x0000000780000000, 0x000000078ab00000, 0x00000007d5500000)
  object space 175104K, 0% used [0x0000000780000000,0x0000000780000000,0x000000078ab00000)
 PSPermGen       total 21504K, used 17391K [0x0000000775a00000, 0x0000000776f00000, 0x0000000780000000)
  object space 21504K, 80% used [0x0000000775a00000,0x0000000776afbc18,0x0000000776f00000)
Event: 1,427 GC heap after
Heap after GC invocations=1 (full 0):
 PSYoungGen      total 76800K, used 10743K [0x00000007d5500000, 0x00000007deb00000, 0x0000000800000000)
  eden space 66048K, 0% used [0x00000007d5500000,0x00000007d5500000,0x00000007d9580000)
  from space 10752K, 99% used [0x00000007d9580000,0x00000007d9ffdc90,0x00000007da000000)
  to   space 10752K, 0% used [0x00000007de080000,0x00000007de080000,0x00000007deb00000)
 ParOldGen       total 175104K, used 16413K [0x0000000780000000, 0x000000078ab00000, 0x00000007d5500000)
  object space 175104K, 9% used [0x0000000780000000,0x00000007810075a8,0x000000078ab00000)
 PSPermGen       total 21504K, used 17391K [0x0000000775a00000, 0x0000000776f00000, 0x0000000780000000)
  object space 21504K, 80% used [0x0000000775a00000,0x0000000776afbc18,0x0000000776f00000)
}
Event: 1,963 GC heap before
{Heap before GC invocations=2 (full 0):
 PSYoungGen      total 76800K, used 76791K [0x00000007d5500000, 0x00000007deb00000, 0x0000000800000000)
  eden space 66048K, 100% used [0x00000007d5500000,0x00000007d9580000,0x00000007d9580000)
  from space 10752K, 99% used [0x00000007d9580000,0x00000007d9ffdc90,0x00000007da000000)
  to   space 10752K, 0% used [0x00000007de080000,0x00000007de080000,0x00000007deb00000)
 ParOldGen       total 175104K, used 16413K [0x0000000780000000, 0x000000078ab00000, 0x00000007d5500000)
  object space 175104K, 9% used [0x0000000780000000,0x00000007810075a8,0x000000078ab00000)
 PSPermGen       total 21504K, used 21104K [0x0000000775a00000, 0x0000000776f00000, 0x0000000780000000)
  object space 21504K, 98% used [0x0000000775a00000,0x0000000776e9c0e0,0x0000000776f00000)
Event: 1,971 GC heap after
Heap after GC invocations=2 (full 0):
 PSYoungGen      total 142848K, used 10721K [0x00000007d5500000, 0x00000007deb00000, 0x0000000800000000)
  eden space 132096K, 0% used [0x00000007d5500000,0x00000007d5500000,0x00000007dd600000)
  from space 10752K, 99% used [0x00000007de080000,0x00000007deaf84f0,0x00000007deb00000)
  to   space 10752K, 0% used [0x00000007dd600000,0x00000007dd600000,0x00000007de080000)
 ParOldGen       total 175104K, used 17483K [0x0000000780000000, 0x000000078ab00000, 0x00000007d5500000)
  object space 175104K, 9% used [0x0000000780000000,0x0000000781112ef0,0x000000078ab00000)
 PSPermGen       total 21504K, used 21104K [0x0000000775a00000, 0x0000000776f00000, 0x0000000780000000)
  object space 21504K, 98% used [0x0000000775a00000,0x0000000776e9c0e0,0x0000000776f00000)
}
Event: 2,406 GC heap before
{Heap before GC invocations=3 (full 0):
 PSYoungGen      total 142848K, used 142817K [0x00000007d5500000, 0x00000007deb00000, 0x0000000800000000)
  eden space 132096K, 100% used [0x00000007d5500000,0x00000007dd600000,0x00000007dd600000)
  from space 10752K, 99% used [0x00000007de080000,0x00000007deaf84f0,0x00000007deb00000)
  to   space 10752K, 0% used [0x00000007dd600000,0x00000007dd600000,0x00000007de080000)
 ParOldGen       total 175104K, used 17483K [0x0000000780000000, 0x000000078ab00000, 0x00000007d5500000)
  object space 175104K, 9% used [0x0000000780000000,0x0000000781112ef0,0x000000078ab00000)
 PSPermGen       total 21504K, used 21275K [0x0000000775a00000, 0x0000000776f00000, 0x0000000780000000)
  object space 21504K, 98% used [0x0000000775a00000,0x0000000776ec6f10,0x0000000776f00000)
Event: 2,443 GC heap after
Heap after GC invocations=3 (full 0):
 PSYoungGen      total 142848K, used 10738K [0x00000007d5500000, 0x00000007e6c00000, 0x0000000800000000)
  eden space 132096K, 0% used [0x00000007d5500000,0x00000007d5500000,0x00000007dd600000)
  from space 10752K, 99% used [0x00000007dd600000,0x00000007de07ca78,0x00000007de080000)
  to   space 10752K, 0% used [0x00000007e6180000,0x00000007e6180000,0x00000007e6c00000)
 ParOldGen       total 175104K, used 45661K [0x0000000780000000, 0x000000078ab00000, 0x00000007d5500000)
  object space 175104K, 26% used [0x0000000780000000,0x0000000782c97410,0x000000078ab00000)
 PSPermGen       total 21504K, used 21275K [0x0000000775a00000, 0x0000000776f00000, 0x0000000780000000)
  object space 21504K, 98% used [0x0000000775a00000,0x0000000776ec6f10,0x0000000776f00000)
}

